<?xml version="1.0" encoding="UTF-8"?>
<!-- Generated by org.testng.reporters.JUnitReportReporter -->
<testsuite hostname="DESKTOP-UQP0FL8" failures="0" tests="1" name="utility.extent" time="1.246" errors="0" timestamp="2022-05-01T11:04:05 IST" skipped="0">
  <testcase classname="utility.extent" name="loginTest" time="1.246"/>
  <system-out/>
</testsuite> <!-- utility.extent -->
