<?xml version="1.0" encoding="UTF-8"?>
<!-- Generated by org.testng.reporters.JUnitReportReporter -->
<testsuite hostname="DESKTOP-UQP0FL8" failures="0" tests="1" name="runner.TestExecution1" time="20.964" errors="0" timestamp="2022-05-05T18:32:29 IST" skipped="0">
  <testcase classname="runner.TestExecution1" name="Basepagenavigation" time="20.964"/>
  <system-out/>
</testsuite> <!-- runner.TestExecution1 -->
